<?xml version="1.0" encoding="UTF-8" ?>
<testsuite failures="0" time="0.017" errors="0" skipped="0" tests="5" name="com.letv.ci.core.test.DataServiceTestCase">
  <properties>
[...]
</properties>
  <testcase time="0.007" classname="com.letv.ci.core.test.DataServiceTestCase" name="testBlankSpace"/>
  <testcase time="0" classname="com.letv.ci.core.test.DataServiceTestCase" name="testStrWithBlank"/>
  <testcase time="0.001" classname="com.letv.ci.core.test.DataServiceTestCase" name="testBlank"/>
  <testcase time="0" classname="com.letv.ci.core.test.DataServiceTestCase" name="testStr"/>
  <testcase time="0" classname="com.letv.ci.core.test.DataServiceTestCase" name="testNull"/>
</testsuite>