<?xml version="1.0" encoding="UTF-8" ?>
<testsuite failures="0" time="1.196" errors="0" skipped="0" tests="5" name="com.letv.ci.test.DataWebServiceTestCase">
  <properties>
[...]
</properties>
  <testcase time="0.84" classname="com.letv.ci.test.DataWebServiceTestCase" name="testBlankSpace"/>
  <testcase time="0.001" classname="com.letv.ci.test.DataWebServiceTestCase" name="testStrWithBlank"/>
  <testcase time="0.001" classname="com.letv.ci.test.DataWebServiceTestCase" name="testNull"/>
  <testcase time="0" classname="com.letv.ci.test.DataWebServiceTestCase" name="testBlank"/>
  <testcase time="0" classname="com.letv.ci.test.DataWebServiceTestCase" name="testStr"/>
</testsuite>